[1003/211123.563708:INFO:main.cpp(256)] Top window xid=106954755

[1003/211123.600371:INFO:main.cpp(300)] Browser xid=102760449

[1003/211123.642812:INFO:mongoose_server.cpp(52)] GET 200 /

[1003/211123.667789:ERROR:sandbox_linux.cc(364)] InitializeSandbox() called with multiple threads in process gpu-process.
[1003/211353.559751:INFO:main.cpp(262)] Stop Mongoose server

[1003/211353.559961:INFO:main.cpp(265)] Shutdown CEF

[1003/211358.263688:INFO:main.cpp(256)] Top window xid=106954755

[1003/211358.292386:INFO:main.cpp(300)] Browser xid=102760449

[1003/211358.331329:INFO:mongoose_server.cpp(52)] GET 200 /

[1003/211358.374276:ERROR:sandbox_linux.cc(364)] InitializeSandbox() called with multiple threads in process gpu-process.
[1003/211411.855431:INFO:main.cpp(262)] Stop Mongoose server

[1003/211411.855616:INFO:main.cpp(265)] Shutdown CEF

[1005/211346.342869:ERROR:sandbox_linux.cc(364)] InitializeSandbox() called with multiple threads in process gpu-process.
[1005/211346.738881:INFO:main.cpp(256)] Top window xid=94371843

[1005/211347.088923:INFO:main.cpp(300)] Browser xid=81788929

[1005/211348.156622:INFO:mongoose_server.cpp(52)] GET 200 /

[1005/211356.659805:INFO:main.cpp(262)] Stop Mongoose server

[1005/211356.660340:INFO:main.cpp(265)] Shutdown CEF

[1005/211433.305398:INFO:gtk.cpp(134)] Set app icon: /home/daniel/DRIVE/SITES/JukeP/app.png

[1005/211433.308352:INFO:main.cpp(256)] Top window xid=90177539

[1005/211433.323064:INFO:main.cpp(300)] Browser xid=81788929

[1005/211433.350134:INFO:mongoose_server.cpp(52)] GET 200 /

[1005/211433.450130:ERROR:sandbox_linux.cc(364)] InitializeSandbox() called with multiple threads in process gpu-process.
[1005/211440.059488:INFO:main.cpp(262)] Stop Mongoose server

[1005/211440.059617:INFO:main.cpp(265)] Shutdown CEF

[1005/211533.696135:INFO:gtk.cpp(134)] Set app icon: /home/daniel/DRIVE/SITES/JukeP/app.png

[1005/211533.698439:INFO:main.cpp(256)] Top window xid=90177539

[1005/211533.715983:INFO:main.cpp(300)] Browser xid=81788929

[1005/211533.823760:ERROR:sandbox_linux.cc(364)] InitializeSandbox() called with multiple threads in process gpu-process.
[1005/211533.962273:INFO:mongoose_server.cpp(52)] GET 200 /

[1005/211548.058619:INFO:main.cpp(262)] Stop Mongoose server

[1005/211548.058927:INFO:main.cpp(265)] Shutdown CEF

[1005/211637.659391:INFO:gtk.cpp(134)] Set app icon: /home/daniel/DRIVE/SITES/JukeP/app.png

[1005/211637.662372:INFO:main.cpp(256)] Top window xid=90177539

[1005/211637.682989:INFO:main.cpp(300)] Browser xid=81788929

[1005/211637.746725:INFO:mongoose_server.cpp(52)] GET 200 /

[1005/211637.793838:ERROR:sandbox_linux.cc(364)] InitializeSandbox() called with multiple threads in process gpu-process.
[1005/211647.025593:INFO:main.cpp(262)] Stop Mongoose server

[1005/211647.026318:INFO:main.cpp(265)] Shutdown CEF

[1005/211737.539502:INFO:gtk.cpp(134)] Set app icon: /home/daniel/DRIVE/SITES/JukeP/app.png

[1005/211737.547632:INFO:main.cpp(256)] Top window xid=90177539

[1005/211737.562688:INFO:main.cpp(300)] Browser xid=81788929

[1005/211737.637416:ERROR:sandbox_linux.cc(364)] InitializeSandbox() called with multiple threads in process gpu-process.
[1005/211737.824912:INFO:mongoose_server.cpp(52)] GET 200 /

[1005/211751.745022:INFO:main.cpp(262)] Stop Mongoose server

[1005/211751.745312:INFO:main.cpp(265)] Shutdown CEF

[1005/211840.419606:INFO:gtk.cpp(134)] Set app icon: /home/daniel/DRIVE/SITES/JukeP/app.png

[1005/211840.421603:INFO:main.cpp(256)] Top window xid=90177539

[1005/211840.437984:INFO:main.cpp(300)] Browser xid=81788929

[1005/211840.491794:INFO:mongoose_server.cpp(52)] GET 200 /

[1005/211840.555682:ERROR:sandbox_linux.cc(364)] InitializeSandbox() called with multiple threads in process gpu-process.
[1005/211849.023894:INFO:main.cpp(262)] Stop Mongoose server

[1005/211849.024026:INFO:main.cpp(265)] Shutdown CEF

[1005/211919.408191:WARNING:resource_bundle.cc(353)] locale_file_path.empty() for locale 
[1005/211919.408285:ERROR:main_delegate.cc(734)] Could not load locale pak for en-US
[1005/211919.440724:WARNING:resource_bundle.cc(353)] locale_file_path.empty() for locale 
[1005/211919.440802:ERROR:main_delegate.cc(734)] Could not load locale pak for en-US
[1005/211919.472372:WARNING:resource_bundle.cc(910)] locale resources are not loaded
[1005/211919.472638:WARNING:resource_bundle.cc(910)] locale resources are not loaded
[1005/211919.472651:WARNING:resource_bundle.cc(910)] locale resources are not loaded
[1005/211919.472691:WARNING:resource_bundle.cc(910)] locale resources are not loaded
[1005/211919.472701:WARNING:resource_bundle.cc(910)] locale resources are not loaded
[1005/211919.472709:WARNING:resource_bundle.cc(910)] locale resources are not loaded
[1005/211919.472717:WARNING:resource_bundle.cc(910)] locale resources are not loaded
[1005/211919.472727:WARNING:resource_bundle.cc(910)] locale resources are not loaded
[1005/211919.472735:WARNING:resource_bundle.cc(910)] locale resources are not loaded
[1005/211919.472743:WARNING:resource_bundle.cc(910)] locale resources are not loaded
[1005/211919.473482:WARNING:resource_bundle.cc(910)] locale resources are not loaded
[1005/211919.473493:WARNING:resource_bundle.cc(910)] locale resources are not loaded
[1005/211919.473501:WARNING:resource_bundle.cc(910)] locale resources are not loaded
[1005/211919.473508:WARNING:resource_bundle.cc(910)] locale resources are not loaded
[1005/211919.513791:INFO:gtk.cpp(134)] Set app icon: /home/daniel/DRIVE/SITES/JukeP/app.png

[1005/211919.515950:INFO:main.cpp(256)] Top window xid=90177539

[1005/211919.520416:WARNING:resource_bundle.cc(353)] locale_file_path.empty() for locale 
[1005/211919.520459:ERROR:main_delegate.cc(734)] Could not load locale pak for en-US
[1005/211919.563955:INFO:main.cpp(300)] Browser xid=81788929

[1005/211919.568768:WARNING:resource_bundle.cc(910)] locale resources are not loaded
[1005/211919.568813:WARNING:resource_bundle.cc(910)] locale resources are not loaded
[1005/211919.655741:ERROR:sandbox_linux.cc(364)] InitializeSandbox() called with multiple threads in process gpu-process.
[1005/211919.800515:INFO:mongoose_server.cpp(52)] GET 200 /

[1005/211944.031420:INFO:main.cpp(262)] Stop Mongoose server

[1005/211944.031541:INFO:main.cpp(265)] Shutdown CEF

[1005/211944.085276:WARNING:x11_util.cc(1426)] X error received: serial 3066, error_code 173 (GLXBadWindow), request_code 153, minor_code 32 (X_GLXDestroyWindow)
[1005/212114.947395:WARNING:resource_bundle.cc(353)] locale_file_path.empty() for locale 
[1005/212114.947452:ERROR:main_delegate.cc(734)] Could not load locale pak for en-US
[1005/212114.979055:WARNING:resource_bundle.cc(353)] locale_file_path.empty() for locale 
[1005/212114.979111:ERROR:main_delegate.cc(734)] Could not load locale pak for en-US
[1005/212115.016961:WARNING:resource_bundle.cc(910)] locale resources are not loaded
[1005/212115.017227:WARNING:resource_bundle.cc(910)] locale resources are not loaded
[1005/212115.017240:WARNING:resource_bundle.cc(910)] locale resources are not loaded
[1005/212115.017281:WARNING:resource_bundle.cc(910)] locale resources are not loaded
[1005/212115.017291:WARNING:resource_bundle.cc(910)] locale resources are not loaded
[1005/212115.017300:WARNING:resource_bundle.cc(910)] locale resources are not loaded
[1005/212115.017309:WARNING:resource_bundle.cc(910)] locale resources are not loaded
[1005/212115.017318:WARNING:resource_bundle.cc(910)] locale resources are not loaded
[1005/212115.017327:WARNING:resource_bundle.cc(910)] locale resources are not loaded
[1005/212115.017338:WARNING:resource_bundle.cc(910)] locale resources are not loaded
[1005/212115.018073:WARNING:resource_bundle.cc(910)] locale resources are not loaded
[1005/212115.018086:WARNING:resource_bundle.cc(910)] locale resources are not loaded
[1005/212115.018095:WARNING:resource_bundle.cc(910)] locale resources are not loaded
[1005/212115.018103:WARNING:resource_bundle.cc(910)] locale resources are not loaded
[1005/212115.049513:WARNING:resource_bundle.cc(353)] locale_file_path.empty() for locale 
[1005/212115.049568:ERROR:main_delegate.cc(734)] Could not load locale pak for en-US
[1005/212115.082013:INFO:gtk.cpp(134)] Set app icon: /home/daniel/DRIVE/SITES/JukeP/app.png

[1005/212115.084508:INFO:main.cpp(256)] Top window xid=90177539

[1005/212115.102302:INFO:main.cpp(300)] Browser xid=81788929

[1005/212115.107327:WARNING:resource_bundle.cc(910)] locale resources are not loaded
[1005/212115.107361:WARNING:resource_bundle.cc(910)] locale resources are not loaded
[1005/212115.192348:ERROR:sandbox_linux.cc(364)] InitializeSandbox() called with multiple threads in process gpu-process.
[1005/212115.345106:INFO:mongoose_server.cpp(52)] GET 200 /

[1005/212123.062215:WARNING:resource_bundle.cc(910)] locale resources are not loaded
[1005/212123.062283:ERROR:content_client.cc(265)] No localized string available for id 4577
[1005/212124.862084:INFO:main.cpp(262)] Stop Mongoose server

[1005/212124.862222:INFO:main.cpp(265)] Shutdown CEF

[1005/212158.743216:INFO:gtk.cpp(134)] Set app icon: /home/daniel/DRIVE/SITES/JukeP/app.png

[1005/212158.749575:INFO:main.cpp(256)] Top window xid=90177539

[1005/212158.776315:INFO:main.cpp(300)] Browser xid=81788929

[1005/212158.818411:INFO:mongoose_server.cpp(52)] GET 200 /

[1005/212158.853773:ERROR:sandbox_linux.cc(364)] InitializeSandbox() called with multiple threads in process gpu-process.
[1005/212202.093567:INFO:main.cpp(262)] Stop Mongoose server

[1005/212202.093702:INFO:main.cpp(265)] Shutdown CEF

[1005/212225.936752:WARNING:resource_bundle.cc(353)] locale_file_path.empty() for locale 
[1005/212225.936924:ERROR:main_delegate.cc(734)] Could not load locale pak for en-US
[1005/212225.973650:WARNING:resource_bundle.cc(353)] locale_file_path.empty() for locale 
[1005/212225.973707:ERROR:main_delegate.cc(734)] Could not load locale pak for en-US
[1005/212226.010972:WARNING:resource_bundle.cc(910)] locale resources are not loaded
[1005/212226.011307:WARNING:resource_bundle.cc(910)] locale resources are not loaded
[1005/212226.011324:WARNING:resource_bundle.cc(910)] locale resources are not loaded
[1005/212226.011376:WARNING:resource_bundle.cc(910)] locale resources are not loaded
[1005/212226.011390:WARNING:resource_bundle.cc(910)] locale resources are not loaded
[1005/212226.011401:WARNING:resource_bundle.cc(910)] locale resources are not loaded
[1005/212226.011413:WARNING:resource_bundle.cc(910)] locale resources are not loaded
[1005/212226.011424:WARNING:resource_bundle.cc(910)] locale resources are not loaded
[1005/212226.011435:WARNING:resource_bundle.cc(910)] locale resources are not loaded
[1005/212226.011447:WARNING:resource_bundle.cc(910)] locale resources are not loaded
[1005/212226.012462:WARNING:resource_bundle.cc(910)] locale resources are not loaded
[1005/212226.012486:WARNING:resource_bundle.cc(910)] locale resources are not loaded
[1005/212226.012497:WARNING:resource_bundle.cc(910)] locale resources are not loaded
[1005/212226.012507:WARNING:resource_bundle.cc(910)] locale resources are not loaded
[1005/212226.045710:WARNING:resource_bundle.cc(353)] locale_file_path.empty() for locale 
[1005/212226.045757:ERROR:main_delegate.cc(734)] Could not load locale pak for en-US
[1005/212226.067207:INFO:gtk.cpp(134)] Set app icon: /home/daniel/DRIVE/SITES/JukeP/app.png

[1005/212226.069175:INFO:main.cpp(256)] Top window xid=90177539

[1005/212226.096415:INFO:main.cpp(300)] Browser xid=81788929

[1005/212226.116116:WARNING:resource_bundle.cc(910)] locale resources are not loaded
[1005/212226.116195:WARNING:resource_bundle.cc(910)] locale resources are not loaded
[1005/212226.174502:ERROR:sandbox_linux.cc(364)] InitializeSandbox() called with multiple threads in process gpu-process.
[1005/212226.640417:INFO:mongoose_server.cpp(52)] GET 200 /

[1005/212229.085220:INFO:main.cpp(262)] Stop Mongoose server

[1005/212229.085351:INFO:main.cpp(265)] Shutdown CEF

[1005/212254.430705:INFO:gtk.cpp(134)] Set app icon: /home/daniel/DRIVE/SITES/JukeP/app.png

[1005/212254.433595:INFO:main.cpp(256)] Top window xid=90177539

[1005/212254.450290:INFO:main.cpp(300)] Browser xid=81788929

[1005/212254.481754:INFO:mongoose_server.cpp(52)] GET 200 /

[1005/212254.577725:ERROR:sandbox_linux.cc(364)] InitializeSandbox() called with multiple threads in process gpu-process.
[1005/212258.444798:INFO:main.cpp(262)] Stop Mongoose server

[1005/212258.444923:INFO:main.cpp(265)] Shutdown CEF

[1005/213548.642239:INFO:gtk.cpp(134)] Set app icon: /home/daniel/DRIVE/SITES/JukeP/app.png

[1005/213548.647246:INFO:main.cpp(256)] Top window xid=113246211

[1005/213548.667686:INFO:main.cpp(300)] Browser xid=111149057

[1005/213548.759982:ERROR:sandbox_linux.cc(364)] InitializeSandbox() called with multiple threads in process gpu-process.
[1005/213548.908052:INFO:mongoose_server.cpp(52)] GET 200 /

[1005/213548.921475:INFO:mongoose_server.cpp(52)] GET 200 /css/bootstrap.css

[1005/213548.921775:INFO:mongoose_server.cpp(52)] GET 200 /js/bootstrap.js

[1005/213548.952234:INFO:CONSOLE(6)] "Uncaught TypeError: Cannot read property 'fn' of undefined", source: http://127.0.0.1:39881/js/bootstrap.js (6)
[1005/213556.578474:INFO:main.cpp(262)] Stop Mongoose server

[1005/213556.578612:INFO:main.cpp(265)] Shutdown CEF

[1005/213637.942301:INFO:gtk.cpp(134)] Set app icon: /home/daniel/DRIVE/SITES/JukeP/app.png

[1005/213637.945108:INFO:main.cpp(256)] Top window xid=113246211

[1005/213637.965204:INFO:main.cpp(300)] Browser xid=111149057

[1005/213638.009971:INFO:mongoose_server.cpp(52)] GET 200 /

[1005/213638.086416:ERROR:sandbox_linux.cc(364)] InitializeSandbox() called with multiple threads in process gpu-process.
[1005/213638.113741:INFO:mongoose_server.cpp(52)] GET 200 /css/bootstrap.css

[1005/213638.113964:INFO:mongoose_server.cpp(52)] GET 200 /js/bootstrap.js

[1005/213638.147256:INFO:CONSOLE(6)] "Uncaught TypeError: Cannot read property 'fn' of undefined", source: http://127.0.0.1:41365/js/bootstrap.js (6)
[1005/213716.241366:INFO:main.cpp(262)] Stop Mongoose server

[1005/213716.241517:INFO:main.cpp(265)] Shutdown CEF

[1005/213718.253595:INFO:gtk.cpp(134)] Set app icon: /home/daniel/DRIVE/SITES/JukeP/app.png

[1005/213718.257175:INFO:main.cpp(256)] Top window xid=113246211

[1005/213718.275627:INFO:main.cpp(300)] Browser xid=111149057

[1005/213718.330042:INFO:mongoose_server.cpp(52)] GET 200 /

[1005/213718.364847:ERROR:sandbox_linux.cc(364)] InitializeSandbox() called with multiple threads in process gpu-process.
[1005/213718.395863:INFO:mongoose_server.cpp(52)] GET 200 /js/bootstrap.js

[1005/213718.396177:INFO:mongoose_server.cpp(52)] GET 200 /css/bootstrap.css

[1005/213718.437115:INFO:CONSOLE(6)] "Uncaught TypeError: Cannot read property 'fn' of undefined", source: http://127.0.0.1:35441/js/bootstrap.js (6)
[1005/213755.558358:INFO:gtk.cpp(134)] Set app icon: /home/daniel/DRIVE/SITES/JukeP/app.png

[1005/213755.561124:INFO:main.cpp(256)] Top window xid=121634819

[1005/213755.589986:INFO:main.cpp(300)] Browser xid=119537665

[1005/213755.612209:ERROR:sandbox_linux.cc(364)] InitializeSandbox() called with multiple threads in process gpu-process.
[1005/213755.654058:INFO:mongoose_server.cpp(52)] GET 200 /

[1005/213755.684725:INFO:mongoose_server.cpp(52)] GET 200 /css/bootstrap.css

[1005/213755.690890:INFO:mongoose_server.cpp(52)] GET 200 /js/bootstrap.js

[1005/213755.708061:INFO:CONSOLE(6)] "Uncaught TypeError: Cannot read property 'fn' of undefined", source: http://127.0.0.1:35639/js/bootstrap.js (6)
[1005/213757.728605:WARNING:value_store_frontend.cc(44)] Reading mhjfbmdgcfjbbpaeojofohoefgiehjai.alarms from  failed: IO error: .../LOCK: No further details. (ChromeMethodBFE: 15::LockFile::1)
[1005/214042.294358:INFO:main.cpp(262)] Stop Mongoose server

[1005/214042.294505:INFO:main.cpp(265)] Shutdown CEF

[1005/214201.069529:INFO:main.cpp(262)] Stop Mongoose server

[1005/214201.069679:INFO:main.cpp(265)] Shutdown CEF

[1005/214407.523542:INFO:gtk.cpp(134)] Set app icon: /home/daniel/DRIVE/SITES/JukeP/app.png

[1005/214407.533709:INFO:main.cpp(256)] Top window xid=113246211

[1005/214407.560745:INFO:main.cpp(300)] Browser xid=111149057

[1005/214407.598053:INFO:mongoose_server.cpp(52)] GET 200 /

[1005/214407.638446:ERROR:sandbox_linux.cc(364)] InitializeSandbox() called with multiple threads in process gpu-process.
[1005/214407.664601:INFO:mongoose_server.cpp(52)] GET 200 /css/bootstrap.css

[1005/214407.665049:INFO:mongoose_server.cpp(52)] GET 200 /js/bootstrap.js

[1005/214407.907871:INFO:CONSOLE(6)] "Uncaught TypeError: Cannot read property 'fn' of undefined", source: http://127.0.0.1:36059/js/bootstrap.js (6)
[1005/214549.802081:INFO:main.cpp(262)] Stop Mongoose server

[1005/214549.802241:INFO:main.cpp(265)] Shutdown CEF

[1005/214553.401731:INFO:gtk.cpp(134)] Set app icon: /home/daniel/DRIVE/SITES/JukeP/app.png

[1005/214553.404446:INFO:main.cpp(256)] Top window xid=113246211

[1005/214553.436676:INFO:main.cpp(300)] Browser xid=111149057

[1005/214553.438554:ERROR:sandbox_linux.cc(364)] InitializeSandbox() called with multiple threads in process gpu-process.
[1005/214553.465869:INFO:mongoose_server.cpp(52)] GET 200 /

[1005/214553.533702:INFO:mongoose_server.cpp(52)] GET 200 /css/bootstrap.css

[1005/214553.534096:INFO:mongoose_server.cpp(52)] GET 200 /js/bootstrap.js

[1005/214553.793643:INFO:CONSOLE(6)] "Uncaught TypeError: Cannot read property 'fn' of undefined", source: http://127.0.0.1:36707/js/bootstrap.js (6)
[1005/214554.942567:INFO:mongoose_server.cpp(52)] GET 200 /main.php

[1005/214554.966197:INFO:CONSOLE(6)] "Uncaught TypeError: Cannot read property 'fn' of undefined", source: http://127.0.0.1:36707/js/bootstrap.js (6)
[1005/214555.566400:INFO:mongoose_server.cpp(52)] GET 200 /main.php

[1005/214555.595224:INFO:CONSOLE(6)] "Uncaught TypeError: Cannot read property 'fn' of undefined", source: http://127.0.0.1:36707/js/bootstrap.js (6)
[1005/214555.886746:INFO:mongoose_server.cpp(52)] GET 200 /main.php

[1005/214555.907560:INFO:CONSOLE(6)] "Uncaught TypeError: Cannot read property 'fn' of undefined", source: http://127.0.0.1:36707/js/bootstrap.js (6)
[1005/214556.111890:INFO:mongoose_server.cpp(52)] GET 200 /main.php

[1005/214556.131578:INFO:CONSOLE(6)] "Uncaught TypeError: Cannot read property 'fn' of undefined", source: http://127.0.0.1:36707/js/bootstrap.js (6)
[1005/214556.329752:INFO:mongoose_server.cpp(52)] GET 200 /main.php

[1005/214556.344261:INFO:CONSOLE(6)] "Uncaught TypeError: Cannot read property 'fn' of undefined", source: http://127.0.0.1:36707/js/bootstrap.js (6)
[1005/214556.512109:INFO:mongoose_server.cpp(52)] GET 200 /main.php

[1005/214556.524796:INFO:CONSOLE(6)] "Uncaught TypeError: Cannot read property 'fn' of undefined", source: http://127.0.0.1:36707/js/bootstrap.js (6)
[1005/214556.695227:INFO:mongoose_server.cpp(52)] GET 200 /main.php

[1005/214556.715214:INFO:CONSOLE(6)] "Uncaught TypeError: Cannot read property 'fn' of undefined", source: http://127.0.0.1:36707/js/bootstrap.js (6)
[1005/214556.869157:INFO:mongoose_server.cpp(52)] GET 200 /main.php

[1005/214556.888153:INFO:CONSOLE(6)] "Uncaught TypeError: Cannot read property 'fn' of undefined", source: http://127.0.0.1:36707/js/bootstrap.js (6)
[1005/214557.040786:INFO:mongoose_server.cpp(52)] GET 200 /main.php

[1005/214557.053491:INFO:CONSOLE(6)] "Uncaught TypeError: Cannot read property 'fn' of undefined", source: http://127.0.0.1:36707/js/bootstrap.js (6)
[1005/214557.194105:INFO:mongoose_server.cpp(52)] GET 200 /main.php

[1005/214557.209360:INFO:CONSOLE(6)] "Uncaught TypeError: Cannot read property 'fn' of undefined", source: http://127.0.0.1:36707/js/bootstrap.js (6)
[1005/214557.354932:INFO:mongoose_server.cpp(52)] GET 200 /main.php

[1005/214557.380078:INFO:CONSOLE(6)] "Uncaught TypeError: Cannot read property 'fn' of undefined", source: http://127.0.0.1:36707/js/bootstrap.js (6)
[1005/214557.522598:INFO:mongoose_server.cpp(52)] GET 200 /main.php

[1005/214557.543372:INFO:CONSOLE(6)] "Uncaught TypeError: Cannot read property 'fn' of undefined", source: http://127.0.0.1:36707/js/bootstrap.js (6)
[1005/214557.682241:INFO:mongoose_server.cpp(52)] GET 200 /main.php

[1005/214557.704411:INFO:CONSOLE(6)] "Uncaught TypeError: Cannot read property 'fn' of undefined", source: http://127.0.0.1:36707/js/bootstrap.js (6)
[1005/214752.770767:INFO:gtk.cpp(134)] Set app icon: /home/daniel/DRIVE/SITES/JukeP/app.png

[1005/214752.773782:INFO:main.cpp(256)] Top window xid=121634819

[1005/214752.791796:INFO:main.cpp(300)] Browser xid=119537665

[1005/214752.815993:INFO:mongoose_server.cpp(52)] GET 200 /

[1005/214752.907630:ERROR:sandbox_linux.cc(364)] InitializeSandbox() called with multiple threads in process gpu-process.
[1005/214752.925034:INFO:mongoose_server.cpp(52)] GET 200 /css/bootstrap.css

[1005/214752.925485:INFO:mongoose_server.cpp(52)] GET 200 /js/bootstrap.js

[1005/214752.957610:INFO:CONSOLE(6)] "Uncaught TypeError: Cannot read property 'fn' of undefined", source: http://127.0.0.1:35201/js/bootstrap.js (6)
[1005/214754.195739:INFO:mongoose_server.cpp(52)] GET 200 /main.php

[1005/214754.220295:INFO:CONSOLE(6)] "Uncaught TypeError: Cannot read property 'fn' of undefined", source: http://127.0.0.1:35201/js/bootstrap.js (6)
[1005/214754.757861:INFO:mongoose_server.cpp(52)] GET 200 /main.php

[1005/214754.772987:INFO:CONSOLE(6)] "Uncaught TypeError: Cannot read property 'fn' of undefined", source: http://127.0.0.1:35201/js/bootstrap.js (6)
[1005/214754.945176:INFO:mongoose_server.cpp(52)] GET 200 /main.php

[1005/214754.964581:INFO:CONSOLE(6)] "Uncaught TypeError: Cannot read property 'fn' of undefined", source: http://127.0.0.1:35201/js/bootstrap.js (6)
[1005/214754.971930:WARNING:value_store_frontend.cc(44)] Reading mhjfbmdgcfjbbpaeojofohoefgiehjai.alarms from  failed: IO error: .../LOCK: No further details. (ChromeMethodBFE: 15::LockFile::1)
[1005/214755.117423:INFO:mongoose_server.cpp(52)] GET 200 /main.php

[1005/214755.137092:INFO:CONSOLE(6)] "Uncaught TypeError: Cannot read property 'fn' of undefined", source: http://127.0.0.1:35201/js/bootstrap.js (6)
[1005/214755.265810:INFO:mongoose_server.cpp(52)] GET 200 /main.php

[1005/214755.287617:INFO:CONSOLE(6)] "Uncaught TypeError: Cannot read property 'fn' of undefined", source: http://127.0.0.1:35201/js/bootstrap.js (6)
[1005/214755.410387:INFO:mongoose_server.cpp(52)] GET 200 /main.php

[1005/214755.430251:INFO:CONSOLE(6)] "Uncaught TypeError: Cannot read property 'fn' of undefined", source: http://127.0.0.1:35201/js/bootstrap.js (6)
[1005/214757.242879:ERROR:buffer_manager.cc(491)] [.BrowserCompositor-0x2149640]GL ERROR :GL_INVALID_OPERATION : glBufferData: <- error from previous GL command
[1005/214758.483682:ERROR:buffer_manager.cc(491)] [.BrowserCompositor-0x2150900]GL ERROR :GL_INVALID_OPERATION : glBufferData: <- error from previous GL command
[1005/214806.176423:INFO:mongoose_server.cpp(52)] GET 200 /main.php?

[1005/214806.190714:INFO:CONSOLE(6)] "Uncaught TypeError: Cannot read property 'fn' of undefined", source: http://127.0.0.1:35201/js/bootstrap.js (6)
[1005/214811.544682:INFO:main.cpp(262)] Stop Mongoose server

[1005/214811.544813:INFO:main.cpp(265)] Shutdown CEF

[1005/214831.659414:INFO:mongoose_server.cpp(52)] GET 200 /main.php

[1005/214831.676152:INFO:CONSOLE(6)] "Uncaught TypeError: Cannot read property 'fn' of undefined", source: http://127.0.0.1:36707/js/bootstrap.js (6)
[1005/214834.936537:INFO:main.cpp(262)] Stop Mongoose server

[1005/214834.936676:INFO:main.cpp(265)] Shutdown CEF

